This is pdfTeX, Version 3.14159265-2.6-1.40.18 (TeX Live 2017/Debian) (preloaded format=pdflatex 2018.7.20)  20 AUG 2018 22:55
entering extended mode
 restricted \write18 enabled.
 %&-line parsing enabled.
**&pdflatex prv_init.org[*Org_Src_init.org[_latex_]*].ini \nonstopmode\nofiles\PassOptionsToPackage{active,tightpage,auctex}{preview}\AtBeginDocument{\ifx\ifPreview\undefined\RequirePackage[displaymath,floats,graphics,textmath,sections,footnotes]{preview}[2004/11/05]\fi} \input "init.org[*Org Src init.org[ latex ]*].tex"
(./prv_init.org[*Org_Src_init.org[_latex_]*].ini
LaTeX2e <2017-04-15>
Babel <3.18> and hyphenation patterns for 84 language(s) loaded.
(/usr/share/texlive/texmf-dist/tex/latex/carlisle/mylatex.ltx) (/usr/share/texlive/texmf-dist/tex/latex/tools/.tex File ignored))
No auxiliary output files.

! I can't find file `"init.org[*Org Src init.org[ latex ]*].tex"'.
<*> ..."init.org[*Org Src init.org[ latex ]*].tex"
                                                  
(Press Enter to retry, or Control-D to exit)
Please type another input file name
! Emergency stop.
<*> ..."init.org[*Org Src init.org[ latex ]*].tex"
                                                  
*** (job aborted, file error in nonstop mode)

 
Here is how much of TeX's memory you used:
 25 strings out of 492982
 775 string characters out of 6134896
 53918 words of memory out of 5000000
 3683 multiletter control sequences out of 15000+600000
 3640 words of font info for 14 fonts, out of 8000000 for 9000
 1141 hyphenation exceptions out of 8191
 5i,0n,5p,555b,12s stack positions out of 5000i,500n,10000p,200000b,80000s
!  ==> Fatal error occurred, no output PDF file produced!
